<?xml version="1.0" encoding="UTF-8"?>
<coverage generated="1598460738718" clover="3.2.0">
  <project timestamp="1598460738718" name="All files">
    <metrics statements="42" coveredstatements="36" conditionals="35" coveredconditionals="15" methods="29" coveredmethods="17" elements="106" coveredelements="68" complexity="0" loc="42" ncloc="42" packages="5" files="8" classes="8"/>
    <package name="assets.iconfont">
      <metrics statements="1" coveredstatements="0" conditionals="20" coveredconditionals="0" methods="6" coveredmethods="0"/>
      <file name="iconfont.js" path="E:\工作空间\个人学习项目\study-todo-list\vue-todo\src\assets\iconfont\iconfont.js">
        <metrics statements="1" coveredstatements="0" conditionals="20" coveredconditionals="0" methods="6" coveredmethods="0"/>
        <line num="2" count="0" type="cond" truecount="0" falsecount="20"/>
      </file>
    </package>
    <package name="components.NoteBook">
      <metrics statements="24" coveredstatements="24" conditionals="9" coveredconditionals="9" methods="13" coveredmethods="13"/>
      <file name="enum.js" path="E:\工作空间\个人学习项目\study-todo-list\vue-todo\src\components\NoteBook\enum.js">
        <metrics statements="2" coveredstatements="2" conditionals="0" coveredconditionals="0" methods="0" coveredmethods="0"/>
        <line num="1" count="1" type="stmt"/>
        <line num="5" count="1" type="stmt"/>
      </file>
      <file name="index.vue" path="E:\工作空间\个人学习项目\study-todo-list\vue-todo\src\components\NoteBook\index.vue">
        <metrics statements="22" coveredstatements="22" conditionals="9" coveredconditionals="9" methods="13" coveredmethods="13"/>
        <line num="23" count="1" type="stmt"/>
        <line num="24" count="1" type="stmt"/>
        <line num="25" count="1" type="stmt"/>
        <line num="26" count="1" type="stmt"/>
        <line num="27" count="1" type="stmt"/>
        <line num="36" count="8" type="stmt"/>
        <line num="45" count="11" type="stmt"/>
        <line num="46" count="11" type="stmt"/>
        <line num="50" count="3" type="stmt"/>
        <line num="51" count="1" type="stmt"/>
        <line num="55" count="1" type="stmt"/>
        <line num="56" count="1" type="cond" truecount="2" falsecount="0"/>
        <line num="60" count="1" type="stmt"/>
        <line num="61" count="1" type="cond" truecount="2" falsecount="0"/>
        <line num="62" count="5" type="stmt"/>
        <line num="66" count="1" type="stmt"/>
        <line num="67" count="1" type="cond" truecount="2" falsecount="0"/>
        <line num="68" count="7" type="stmt"/>
        <line num="72" count="3" type="stmt"/>
        <line num="73" count="1" type="stmt"/>
        <line num="77" count="2" type="stmt"/>
        <line num="78" count="1" type="stmt"/>
      </file>
    </package>
    <package name="components.NoteBook.components">
      <metrics statements="11" coveredstatements="7" conditionals="4" coveredconditionals="4" methods="8" coveredmethods="2"/>
      <file name="BottomTool.vue" path="E:\工作空间\个人学习项目\study-todo-list\vue-todo\src\components\NoteBook\components\BottomTool.vue">
        <metrics statements="3" coveredstatements="1" conditionals="0" coveredconditionals="0" methods="3" coveredmethods="0"/>
        <line num="19" count="1" type="stmt"/>
        <line num="25" count="0" type="stmt"/>
        <line num="33" count="0" type="stmt"/>
      </file>
      <file name="NoteList.vue" path="E:\工作空间\个人学习项目\study-todo-list\vue-todo\src\components\NoteBook\components\NoteList.vue">
        <metrics statements="3" coveredstatements="1" conditionals="0" coveredconditionals="0" methods="3" coveredmethods="0"/>
        <line num="21" count="1" type="stmt"/>
        <line num="30" count="0" type="stmt"/>
        <line num="35" count="0" type="stmt"/>
      </file>
      <file name="TopInput.vue" path="E:\工作空间\个人学习项目\study-todo-list\vue-todo\src\components\NoteBook\components\TopInput.vue">
        <metrics statements="5" coveredstatements="5" conditionals="4" coveredconditionals="4" methods="2" coveredmethods="2"/>
        <line num="13" count="5" type="stmt"/>
        <line num="19" count="2" type="cond" truecount="4" falsecount="0"/>
        <line num="20" count="1" type="stmt"/>
        <line num="22" count="1" type="stmt"/>
        <line num="23" count="1" type="stmt"/>
      </file>
    </package>
    <package name="utils">
      <metrics statements="5" coveredstatements="5" conditionals="2" coveredconditionals="2" methods="2" coveredmethods="2"/>
      <file name="storage.js" path="E:\工作空间\个人学习项目\study-todo-list\vue-todo\src\utils\storage.js">
        <metrics statements="5" coveredstatements="5" conditionals="2" coveredconditionals="2" methods="2" coveredmethods="2"/>
        <line num="1" count="1" type="stmt"/>
        <line num="5" count="1" type="stmt"/>
        <line num="6" count="14" type="stmt"/>
        <line num="9" count="1" type="stmt"/>
        <line num="10" count="12" type="cond" truecount="2" falsecount="0"/>
      </file>
    </package>
    <package name="views">
      <metrics statements="1" coveredstatements="0" conditionals="0" coveredconditionals="0" methods="0" coveredmethods="0"/>
      <file name="Index.vue" path="E:\工作空间\个人学习项目\study-todo-list\vue-todo\src\views\Index.vue">
        <metrics statements="1" coveredstatements="0" conditionals="0" coveredconditionals="0" methods="0" coveredmethods="0"/>
        <line num="9" count="0" type="stmt"/>
      </file>
    </package>
  </project>
</coverage>
