{"E:\\工作空间\\个人学习项目\\study-todo-list\\vue-todo\\src\\assets\\iconfont\\iconfont.js": {"path":"E:\\工作空间\\个人学习项目\\study-todo-list\\vue-todo\\src\\assets\\iconfont\\iconfont.js","statementMap":{"0":{"start":{"line":2,"column":0},"end":{"line":2,"column":2699}},"1":{"start":{"line":2,"column":33},"end":{"line":2,"column":1499}},"2":{"start":{"line":2,"column":1502},"end":{"line":2,"column":1588}},"3":{"start":{"line":2,"column":1589},"end":{"line":2,"column":1847}},"4":{"start":{"line":2,"column":1628},"end":{"line":2,"column":1662}},"5":{"start":{"line":2,"column":1662},"end":{"line":2,"column":1846}},"6":{"start":{"line":2,"column":1666},"end":{"line":2,"column":1812}},"7":{"start":{"line":2,"column":1822},"end":{"line":2,"column":1845}},"8":{"start":{"line":2,"column":1860},"end":{"line":2,"column":1873}},"9":{"start":{"line":2,"column":1874},"end":{"line":2,"column":2689}},"10":{"start":{"line":2,"column":1903},"end":{"line":2,"column":1932}},"11":{"start":{"line":2,"column":1933},"end":{"line":2,"column":2219}},"12":{"start":{"line":2,"column":2343},"end":{"line":2,"column":2400}},"13":{"start":{"line":2,"column":2513},"end":{"line":2,"column":2590}},"14":{"start":{"line":2,"column":2517},"end":{"line":2,"column":2551}},"15":{"start":{"line":2,"column":2561},"end":{"line":2,"column":2589}},"16":{"start":{"line":2,"column":2590},"end":{"line":2,"column":2593}},"17":{"start":{"line":2,"column":2630},"end":{"line":2,"column":2687}}},"fnMap":{"0":{"name":"(anonymous_0)","decl":{"start":{"line":2,"column":1},"end":{"line":2,"column":2}},"loc":{"start":{"line":2,"column":12},"end":{"line":2,"column":2690}},"line":2},"1":{"name":"r","decl":{"start":{"line":2,"column":1856},"end":{"line":2,"column":1857}},"loc":{"start":{"line":2,"column":1859},"end":{"line":2,"column":1874}},"line":2},"2":{"name":"(anonymous_2)","decl":{"start":{"line":2,"column":1876},"end":{"line":2,"column":1877}},"loc":{"start":{"line":2,"column":1886},"end":{"line":2,"column":2220}},"line":2},"3":{"name":"(anonymous_3)","decl":{"start":{"line":2,"column":2332},"end":{"line":2,"column":2333}},"loc":{"start":{"line":2,"column":2342},"end":{"line":2,"column":2401}},"line":2},"4":{"name":"(anonymous_4)","decl":{"start":{"line":2,"column":2502},"end":{"line":2,"column":2503}},"loc":{"start":{"line":2,"column":2512},"end":{"line":2,"column":2594}},"line":2},"5":{"name":"(anonymous_5)","decl":{"start":{"line":2,"column":2619},"end":{"line":2,"column":2620}},"loc":{"start":{"line":2,"column":2629},"end":{"line":2,"column":2688}},"line":2}},"branchMap":{"0":{"loc":{"start":{"line":2,"column":1589},"end":{"line":2,"column":1847}},"type":"if","locations":[{"start":{"line":2,"column":1589},"end":{"line":2,"column":1847}},{"start":{"line":2,"column":1589},"end":{"line":2,"column":1847}}],"line":2},"1":{"loc":{"start":{"line":2,"column":1592},"end":{"line":2,"column":1626}},"type":"binary-expr","locations":[{"start":{"line":2,"column":1592},"end":{"line":2,"column":1593}},{"start":{"line":2,"column":1595},"end":{"line":2,"column":1626}}],"line":2},"2":{"loc":{"start":{"line":2,"column":1822},"end":{"line":2,"column":1845}},"type":"binary-expr","locations":[{"start":{"line":2,"column":1822},"end":{"line":2,"column":1829}},{"start":{"line":2,"column":1831},"end":{"line":2,"column":1845}}],"line":2},"3":{"loc":{"start":{"line":2,"column":1860},"end":{"line":2,"column":1873}},"type":"binary-expr","locations":[{"start":{"line":2,"column":1860},"end":{"line":2,"column":1861}},{"start":{"line":2,"column":1864},"end":{"line":2,"column":1872}}],"line":2},"4":{"loc":{"start":{"line":2,"column":1954},"end":{"line":2,"column":2219}},"type":"binary-expr","locations":[{"start":{"line":2,"column":1955},"end":{"line":2,"column":1989}},{"start":{"line":2,"column":1993},"end":{"line":2,"column":2218}}],"line":2},"5":{"loc":{"start":{"line":2,"column":2121},"end":{"line":2,"column":2218}},"type":"cond-expr","locations":[{"start":{"line":2,"column":2151},"end":{"line":2,"column":2200}},{"start":{"line":2,"column":2202},"end":{"line":2,"column":2218}}],"line":2},"6":{"loc":{"start":{"line":2,"column":2221},"end":{"line":2,"column":2689}},"type":"cond-expr","locations":[{"start":{"line":2,"column":2247},"end":{"line":2,"column":2453}},{"start":{"line":2,"column":2454},"end":{"line":2,"column":2689}}],"line":2},"7":{"loc":{"start":{"line":2,"column":2247},"end":{"line":2,"column":2453}},"type":"cond-expr","locations":[{"start":{"line":2,"column":2313},"end":{"line":2,"column":2328}},{"start":{"line":2,"column":2330},"end":{"line":2,"column":2452}}],"line":2},"8":{"loc":{"start":{"line":2,"column":2454},"end":{"line":2,"column":2689}},"type":"binary-expr","locations":[{"start":{"line":2,"column":2454},"end":{"line":2,"column":2474}},{"start":{"line":2,"column":2477},"end":{"line":2,"column":2688}}],"line":2},"9":{"loc":{"start":{"line":2,"column":2630},"end":{"line":2,"column":2687}},"type":"binary-expr","locations":[{"start":{"line":2,"column":2630},"end":{"line":2,"column":2654}},{"start":{"line":2,"column":2657},"end":{"line":2,"column":2686}}],"line":2}},"s":{"0":0,"1":0,"2":0,"3":0,"4":0,"5":0,"6":0,"7":0,"8":0,"9":0,"10":0,"11":0,"12":0,"13":0,"14":0,"15":0,"16":0,"17":0},"f":{"0":0,"1":0,"2":0,"3":0,"4":0,"5":0},"b":{"0":[0,0],"1":[0,0],"2":[0,0],"3":[0,0],"4":[0,0],"5":[0,0],"6":[0,0],"7":[0,0],"8":[0,0],"9":[0,0]},"hash":"1a0084d0e0b8b58461053c130fbf2c7dacc065a1"}
,"E:\\工作空间\\个人学习项目\\study-todo-list\\vue-todo\\src\\components\\NoteBook\\enum.js": {"path":"E:\\工作空间\\个人学习项目\\study-todo-list\\vue-todo\\src\\components\\NoteBook\\enum.js","statementMap":{"0":{"start":{"line":1,"column":28},"end":{"line":3,"column":1}},"1":{"start":{"line":5,"column":37},"end":{"line":9,"column":1}}},"fnMap":{},"branchMap":{},"s":{"0":1,"1":1},"f":{},"b":{},"_coverageSchema":"43e27e138ebf9cfc5966b082cf9a028302ed4184","hash":"698a4da36cfb020d83d536ca626ae912983cc367"}
,"E:\\工作空间\\个人学习项目\\study-todo-list\\vue-todo\\src\\components\\NoteBook\\index.vue": {"path":"E:\\工作空间\\个人学习项目\\study-todo-list\\vue-todo\\src\\components\\NoteBook\\index.vue","statementMap":{"0":{"start":{"line":23,"column":0},"end":{"line":23,"column":null}},"1":{"start":{"line":24,"column":0},"end":{"line":24,"column":null}},"2":{"start":{"line":25,"column":0},"end":{"line":25,"column":null}},"3":{"start":{"line":26,"column":0},"end":{"line":26,"column":null}},"4":{"start":{"line":27,"column":0},"end":{"line":27,"column":null}},"5":{"start":{"line":36,"column":0},"end":{"line":36,"column":null}},"6":{"start":{"line":45,"column":0},"end":{"line":45,"column":null}},"7":{"start":{"line":46,"column":0},"end":{"line":46,"column":null}},"8":{"start":{"line":50,"column":0},"end":{"line":50,"column":null}},"9":{"start":{"line":51,"column":0},"end":{"line":51,"column":null}},"10":{"start":{"line":55,"column":0},"end":{"line":55,"column":null}},"11":{"start":{"line":56,"column":0},"end":{"line":56,"column":null}},"12":{"start":{"line":60,"column":0},"end":{"line":60,"column":null}},"13":{"start":{"line":61,"column":0},"end":{"line":61,"column":null}},"14":{"start":{"line":62,"column":0},"end":{"line":62,"column":null}},"15":{"start":{"line":66,"column":0},"end":{"line":66,"column":null}},"16":{"start":{"line":67,"column":0},"end":{"line":67,"column":null}},"17":{"start":{"line":68,"column":0},"end":{"line":68,"column":null}},"18":{"start":{"line":72,"column":0},"end":{"line":72,"column":null}},"19":{"start":{"line":73,"column":0},"end":{"line":73,"column":null}},"20":{"start":{"line":77,"column":0},"end":{"line":77,"column":null}},"21":{"start":{"line":78,"column":0},"end":{"line":78,"column":null}}},"fnMap":{"0":{"name":"(anonymous_1)","decl":{"start":{"line":35,"column":0},"end":{"line":35,"column":null}},"loc":{"start":{"line":35,"column":0},"end":{"line":41,"column":null}}},"1":{"name":"(anonymous_2)","decl":{"start":{"line":44,"column":0},"end":{"line":44,"column":null}},"loc":{"start":{"line":44,"column":0},"end":{"line":47,"column":null}}},"2":{"name":"(anonymous_3)","decl":{"start":{"line":49,"column":0},"end":{"line":49,"column":null}},"loc":{"start":{"line":49,"column":0},"end":{"line":52,"column":null}}},"3":{"name":"(anonymous_4)","decl":{"start":{"line":50,"column":0},"end":{"line":50,"column":null}},"loc":{"start":{"line":50,"column":0},"end":{"line":50,"column":null}}},"4":{"name":"(anonymous_5)","decl":{"start":{"line":54,"column":0},"end":{"line":54,"column":null}},"loc":{"start":{"line":54,"column":0},"end":{"line":57,"column":null}}},"5":{"name":"(anonymous_6)","decl":{"start":{"line":59,"column":0},"end":{"line":59,"column":null}},"loc":{"start":{"line":59,"column":0},"end":{"line":63,"column":null}}},"6":{"name":"(anonymous_7)","decl":{"start":{"line":62,"column":0},"end":{"line":62,"column":null}},"loc":{"start":{"line":62,"column":0},"end":{"line":62,"column":null}}},"7":{"name":"(anonymous_8)","decl":{"start":{"line":65,"column":0},"end":{"line":65,"column":null}},"loc":{"start":{"line":65,"column":0},"end":{"line":69,"column":null}}},"8":{"name":"(anonymous_9)","decl":{"start":{"line":68,"column":0},"end":{"line":68,"column":null}},"loc":{"start":{"line":68,"column":0},"end":{"line":68,"column":null}}},"9":{"name":"(anonymous_10)","decl":{"start":{"line":71,"column":0},"end":{"line":71,"column":null}},"loc":{"start":{"line":71,"column":0},"end":{"line":74,"column":null}}},"10":{"name":"(anonymous_11)","decl":{"start":{"line":72,"column":0},"end":{"line":72,"column":null}},"loc":{"start":{"line":72,"column":0},"end":{"line":72,"column":null}}},"11":{"name":"(anonymous_12)","decl":{"start":{"line":76,"column":0},"end":{"line":76,"column":null}},"loc":{"start":{"line":76,"column":0},"end":{"line":79,"column":null}}},"12":{"name":"(anonymous_13)","decl":{"start":{"line":77,"column":0},"end":{"line":77,"column":null}},"loc":{"start":{"line":77,"column":0},"end":{"line":77,"column":null}}}},"branchMap":{"0":{"loc":{"start":{"line":39,"column":0},"end":{"line":39,"column":null}},"type":"cond-expr","locations":[{"start":{"line":39,"column":0},"end":{"line":39,"column":null}},{"start":{"line":39,"column":0},"end":{"line":39,"column":null}}]},"1":{"loc":{"start":{"line":44,"column":0},"end":{"line":44,"column":null}},"type":"default-arg","locations":[{"start":{"line":44,"column":0},"end":{"line":44,"column":null}}]},"2":{"loc":{"start":{"line":56,"column":0},"end":{"line":56,"column":null}},"type":"cond-expr","locations":[{"start":{"line":56,"column":0},"end":{"line":56,"column":null}},{"start":{"line":56,"column":0},"end":{"line":56,"column":null}}]},"3":{"loc":{"start":{"line":61,"column":0},"end":{"line":61,"column":null}},"type":"cond-expr","locations":[{"start":{"line":61,"column":0},"end":{"line":61,"column":null}},{"start":{"line":61,"column":0},"end":{"line":61,"column":null}}]},"4":{"loc":{"start":{"line":67,"column":0},"end":{"line":67,"column":null}},"type":"cond-expr","locations":[{"start":{"line":67,"column":0},"end":{"line":67,"column":null}},{"start":{"line":67,"column":0},"end":{"line":67,"column":null}}]}},"s":{"0":1,"1":1,"2":1,"3":1,"4":1,"5":8,"6":11,"7":11,"8":3,"9":1,"10":1,"11":1,"12":1,"13":1,"14":5,"15":1,"16":1,"17":7,"18":3,"19":1,"20":2,"21":1},"f":{"0":8,"1":11,"2":1,"3":2,"4":1,"5":1,"6":4,"7":1,"8":6,"9":1,"10":2,"11":1,"12":1},"b":{"0":[16,8],"1":[3],"2":[2,1],"3":[2,1],"4":[2,1]}}
,"E:\\工作空间\\个人学习项目\\study-todo-list\\vue-todo\\src\\components\\NoteBook\\components\\BottomTool.vue": {"path":"E:\\工作空间\\个人学习项目\\study-todo-list\\vue-todo\\src\\components\\NoteBook\\components\\BottomTool.vue","statementMap":{"0":{"start":{"line":19,"column":0},"end":{"line":19,"column":null}},"1":{"start":{"line":25,"column":0},"end":{"line":25,"column":null}},"2":{"start":{"line":33,"column":0},"end":{"line":33,"column":null}}},"fnMap":{"0":{"name":"(anonymous_1)","decl":{"start":{"line":25,"column":0},"end":{"line":25,"column":null}},"loc":{"start":{"line":25,"column":0},"end":{"line":25,"column":null}}},"1":{"name":"(anonymous_2)","decl":{"start":{"line":32,"column":0},"end":{"line":32,"column":null}},"loc":{"start":{"line":32,"column":0},"end":{"line":34,"column":null}}},"2":{"name":"(anonymous_3)","decl":{"start":{"line":33,"column":0},"end":{"line":33,"column":null}},"loc":{"start":{"line":33,"column":0},"end":{"line":33,"column":null}}}},"branchMap":{},"s":{"0":1,"1":0,"2":0},"f":{"0":0,"1":0,"2":0},"b":{}}
,"E:\\工作空间\\个人学习项目\\study-todo-list\\vue-todo\\src\\components\\NoteBook\\components\\NoteList.vue": {"path":"E:\\工作空间\\个人学习项目\\study-todo-list\\vue-todo\\src\\components\\NoteBook\\components\\NoteList.vue","statementMap":{"0":{"start":{"line":21,"column":0},"end":{"line":21,"column":null}},"1":{"start":{"line":30,"column":0},"end":{"line":30,"column":null}},"2":{"start":{"line":35,"column":0},"end":{"line":35,"column":null}}},"fnMap":{"0":{"name":"(anonymous_1)","decl":{"start":{"line":30,"column":0},"end":{"line":30,"column":null}},"loc":{"start":{"line":30,"column":0},"end":{"line":30,"column":null}}},"1":{"name":"(anonymous_2)","decl":{"start":{"line":34,"column":0},"end":{"line":34,"column":null}},"loc":{"start":{"line":34,"column":0},"end":{"line":36,"column":null}}},"2":{"name":"(anonymous_3)","decl":{"start":{"line":35,"column":0},"end":{"line":35,"column":null}},"loc":{"start":{"line":35,"column":0},"end":{"line":35,"column":null}}}},"branchMap":{},"s":{"0":1,"1":0,"2":0},"f":{"0":0,"1":0,"2":0},"b":{}}
,"E:\\工作空间\\个人学习项目\\study-todo-list\\vue-todo\\src\\components\\NoteBook\\components\\TopInput.vue": {"path":"E:\\工作空间\\个人学习项目\\study-todo-list\\vue-todo\\src\\components\\NoteBook\\components\\TopInput.vue","statementMap":{"0":{"start":{"line":13,"column":0},"end":{"line":13,"column":null}},"1":{"start":{"line":19,"column":0},"end":{"line":21,"column":null}},"2":{"start":{"line":20,"column":0},"end":{"line":20,"column":null}},"3":{"start":{"line":22,"column":0},"end":{"line":22,"column":null}},"4":{"start":{"line":23,"column":0},"end":{"line":23,"column":null}}},"fnMap":{"0":{"name":"(anonymous_1)","decl":{"start":{"line":12,"column":0},"end":{"line":12,"column":null}},"loc":{"start":{"line":12,"column":0},"end":{"line":16,"column":null}}},"1":{"name":"(anonymous_2)","decl":{"start":{"line":18,"column":0},"end":{"line":18,"column":null}},"loc":{"start":{"line":18,"column":0},"end":{"line":24,"column":null}}}},"branchMap":{"0":{"loc":{"start":{"line":19,"column":0},"end":{"line":21,"column":null}},"type":"if","locations":[{"start":{"line":19,"column":0},"end":{"line":21,"column":null}},{"start":{"line":19,"column":0},"end":{"line":21,"column":null}}]},"1":{"loc":{"start":{"line":19,"column":0},"end":{"line":19,"column":null}},"type":"binary-expr","locations":[{"start":{"line":19,"column":0},"end":{"line":19,"column":null}},{"start":{"line":19,"column":0},"end":{"line":19,"column":null}}]}},"s":{"0":5,"1":2,"2":1,"3":1,"4":1},"f":{"0":5,"1":2},"b":{"0":[1,1],"1":[2,1]}}
,"E:\\工作空间\\个人学习项目\\study-todo-list\\vue-todo\\src\\utils\\storage.js": {"path":"E:\\工作空间\\个人学习项目\\study-todo-list\\vue-todo\\src\\utils\\storage.js","statementMap":{"0":{"start":{"line":1,"column":28},"end":{"line":3,"column":1}},"1":{"start":{"line":5,"column":26},"end":{"line":7,"column":1}},"2":{"start":{"line":6,"column":2},"end":{"line":6,"column":50}},"3":{"start":{"line":9,"column":26},"end":{"line":13,"column":1}},"4":{"start":{"line":10,"column":2},"end":{"line":12,"column":8}}},"fnMap":{"0":{"name":"(anonymous_0)","decl":{"start":{"line":5,"column":26},"end":{"line":5,"column":27}},"loc":{"start":{"line":5,"column":42},"end":{"line":7,"column":1}},"line":5},"1":{"name":"(anonymous_1)","decl":{"start":{"line":9,"column":26},"end":{"line":9,"column":27}},"loc":{"start":{"line":9,"column":35},"end":{"line":13,"column":1}},"line":9}},"branchMap":{"0":{"loc":{"start":{"line":10,"column":9},"end":{"line":12,"column":8}},"type":"cond-expr","locations":[{"start":{"line":11,"column":6},"end":{"line":11,"column":43}},{"start":{"line":12,"column":6},"end":{"line":12,"column":8}}],"line":10}},"s":{"0":1,"1":1,"2":14,"3":1,"4":12},"f":{"0":14,"1":12},"b":{"0":[9,3]},"_coverageSchema":"43e27e138ebf9cfc5966b082cf9a028302ed4184","hash":"b25c15459cd7fe02e24caf03f3c1b510ee4a07da"}
,"E:\\工作空间\\个人学习项目\\study-todo-list\\vue-todo\\src\\views\\Index.vue": {"path":"E:\\工作空间\\个人学习项目\\study-todo-list\\vue-todo\\src\\views\\Index.vue","statementMap":{"0":{"start":{"line":9,"column":0},"end":{"line":9,"column":null}}},"fnMap":{},"branchMap":{},"s":{"0":0},"f":{},"b":{}}
}
