TN:
SF:E:\工作空间\个人学习项目\study-todo-list\vue-todo\src\assets\iconfont\iconfont.js
FN:2,(anonymous_0)
FN:2,r
FN:2,(anonymous_2)
FN:2,(anonymous_3)
FN:2,(anonymous_4)
FN:2,(anonymous_5)
FNF:6
FNH:0
FNDA:0,(anonymous_0)
FNDA:0,r
FNDA:0,(anonymous_2)
FNDA:0,(anonymous_3)
FNDA:0,(anonymous_4)
FNDA:0,(anonymous_5)
DA:2,0
LF:1
LH:0
BRDA:2,0,0,0
BRDA:2,0,1,0
BRDA:2,1,0,0
BRDA:2,1,1,0
BRDA:2,2,0,0
BRDA:2,2,1,0
BRDA:2,3,0,0
BRDA:2,3,1,0
BRDA:2,4,0,0
BRDA:2,4,1,0
BRDA:2,5,0,0
BRDA:2,5,1,0
BRDA:2,6,0,0
BRDA:2,6,1,0
BRDA:2,7,0,0
BRDA:2,7,1,0
BRDA:2,8,0,0
BRDA:2,8,1,0
BRDA:2,9,0,0
BRDA:2,9,1,0
BRF:20
BRH:0
end_of_record
TN:
SF:E:\工作空间\个人学习项目\study-todo-list\vue-todo\src\components\NoteBook\enum.js
FNF:0
FNH:0
DA:1,1
DA:5,1
LF:2
LH:2
BRF:0
BRH:0
end_of_record
TN:
SF:E:\工作空间\个人学习项目\study-todo-list\vue-todo\src\components\NoteBook\index.vue
FN:35,(anonymous_1)
FN:44,(anonymous_2)
FN:49,(anonymous_3)
FN:50,(anonymous_4)
FN:54,(anonymous_5)
FN:59,(anonymous_6)
FN:62,(anonymous_7)
FN:65,(anonymous_8)
FN:68,(anonymous_9)
FN:71,(anonymous_10)
FN:72,(anonymous_11)
FN:76,(anonymous_12)
FN:77,(anonymous_13)
FNF:13
FNH:13
FNDA:8,(anonymous_1)
FNDA:11,(anonymous_2)
FNDA:1,(anonymous_3)
FNDA:2,(anonymous_4)
FNDA:1,(anonymous_5)
FNDA:1,(anonymous_6)
FNDA:4,(anonymous_7)
FNDA:1,(anonymous_8)
FNDA:6,(anonymous_9)
FNDA:1,(anonymous_10)
FNDA:2,(anonymous_11)
FNDA:1,(anonymous_12)
FNDA:1,(anonymous_13)
DA:23,1
DA:24,1
DA:25,1
DA:26,1
DA:27,1
DA:36,8
DA:45,11
DA:46,11
DA:50,3
DA:51,1
DA:55,1
DA:56,1
DA:60,1
DA:61,1
DA:62,5
DA:66,1
DA:67,1
DA:68,7
DA:72,3
DA:73,1
DA:77,2
DA:78,1
LF:22
LH:22
BRDA:39,0,0,16
BRDA:39,0,1,8
BRDA:44,1,0,3
BRDA:56,2,0,2
BRDA:56,2,1,1
BRDA:61,3,0,2
BRDA:61,3,1,1
BRDA:67,4,0,2
BRDA:67,4,1,1
BRF:9
BRH:9
end_of_record
TN:
SF:E:\工作空间\个人学习项目\study-todo-list\vue-todo\src\components\NoteBook\components\BottomTool.vue
FN:25,(anonymous_1)
FN:32,(anonymous_2)
FN:33,(anonymous_3)
FNF:3
FNH:0
FNDA:0,(anonymous_1)
FNDA:0,(anonymous_2)
FNDA:0,(anonymous_3)
DA:19,1
DA:25,0
DA:33,0
LF:3
LH:1
BRF:0
BRH:0
end_of_record
TN:
SF:E:\工作空间\个人学习项目\study-todo-list\vue-todo\src\components\NoteBook\components\NoteList.vue
FN:30,(anonymous_1)
FN:34,(anonymous_2)
FN:35,(anonymous_3)
FNF:3
FNH:0
FNDA:0,(anonymous_1)
FNDA:0,(anonymous_2)
FNDA:0,(anonymous_3)
DA:21,1
DA:30,0
DA:35,0
LF:3
LH:1
BRF:0
BRH:0
end_of_record
TN:
SF:E:\工作空间\个人学习项目\study-todo-list\vue-todo\src\components\NoteBook\components\TopInput.vue
FN:12,(anonymous_1)
FN:18,(anonymous_2)
FNF:2
FNH:2
FNDA:5,(anonymous_1)
FNDA:2,(anonymous_2)
DA:13,5
DA:19,2
DA:20,1
DA:22,1
DA:23,1
LF:5
LH:5
BRDA:19,0,0,1
BRDA:19,0,1,1
BRDA:19,1,0,2
BRDA:19,1,1,1
BRF:4
BRH:4
end_of_record
TN:
SF:E:\工作空间\个人学习项目\study-todo-list\vue-todo\src\utils\storage.js
FN:5,(anonymous_0)
FN:9,(anonymous_1)
FNF:2
FNH:2
FNDA:14,(anonymous_0)
FNDA:12,(anonymous_1)
DA:1,1
DA:5,1
DA:6,14
DA:9,1
DA:10,12
LF:5
LH:5
BRDA:10,0,0,9
BRDA:10,0,1,3
BRF:2
BRH:2
end_of_record
TN:
SF:E:\工作空间\个人学习项目\study-todo-list\vue-todo\src\views\Index.vue
FNF:0
FNH:0
DA:9,0
LF:1
LH:0
BRF:0
BRH:0
end_of_record
